#
# There is insufficient memory for the Java Runtime Environment to continue.
# Native memory allocation (malloc) failed to allocate 1048576 bytes for AllocateHeap
# Possible reasons:
#   The system is out of physical RAM or swap space
#   The process is running with CompressedOops enabled, and the Java Heap may be blocking the growth of the native heap
# Possible solutions:
#   Reduce memory load on the system
#   Increase physical memory or swap space
#   Check if swap backing store is full
#   Decrease Java heap size (-Xmx/-Xms)
#   Decrease number of Java threads
#   Decrease Java thread stack sizes (-Xss)
#   Set larger code cache with -XX:ReservedCodeCacheSize=
#   JVM is running with Unscaled Compressed Oops mode in which the Java heap is
#     placed in the first 4GB address space. The Java Heap base address is the
#     maximum limit for the native heap growth. Please use -XX:HeapBaseMinAddress
#     to set the Java Heap base and to place the Java Heap above 4GB virtual address.
# This output file may be truncated or incomplete.
#
#  Out of Memory Error (memory/allocation.inline.hpp:61), pid=20660, tid=0x0000000000006b74
#
# JRE version:  (8.0_311-b11) (build )
# Java VM: Java HotSpot(TM) 64-Bit Server VM (25.311-b11 mixed mode windows-amd64 compressed oops)
# Failed to write core dump. Minidumps are not enabled by default on client versions of Windows
#

---------------  T H R E A D  ---------------

Current thread (0x0000026a0a075800):  JavaThread "Unknown thread" [_thread_in_vm, id=27508, stack(0x000000e800500000,0x000000e800600000)]

Stack: [0x000000e800500000,0x000000e800600000]
Native frames: (J=compiled Java code, j=interpreted, Vv=VM code, C=native code)
V  [jvm.dll+0x32f239]
V  [jvm.dll+0x275882]
V  [jvm.dll+0x27652d]
V  [jvm.dll+0x26cf65]
V  [jvm.dll+0x509d]
V  [jvm.dll+0x3c9b0d]
V  [jvm.dll+0x3ca961]
V  [jvm.dll+0x3c6827]
V  [jvm.dll+0xfce3f]
V  [jvm.dll+0x20a21b]
V  [jvm.dll+0x238c47]
V  [jvm.dll+0x1628e6]
C  [javaw.exe+0x2322]
C  [javaw.exe+0x16544]
C  [KERNEL32.DLL+0x17034]
C  [ntdll.dll+0x52651]


---------------  P R O C E S S  ---------------

Java Threads: ( => current thread )

Other Threads:

=>0x0000026a0a075800 (exited) JavaThread "Unknown thread" [_thread_in_vm, id=27508, stack(0x000000e800500000,0x000000e800600000)]

VM state:not at safepoint (normal execution)

VM Mutex/Monitor currently owned by a thread: None

heap address: 0x0000000081200000, size: 2030 MB, Compressed Oops mode: 32-bit
Narrow klass base: 0x0000000000000000, Narrow klass shift: 3
Compressed class space size: 1073741824 Address: 0x0000000100000000

Heap:
 PSYoungGen      total 38400K, used 665K [0x00000000d5b80000, 0x00000000d8600000, 0x0000000100000000)
  eden space 33280K, 2% used [0x00000000d5b80000,0x00000000d5c26670,0x00000000d7c00000)
  from space 5120K, 0% used [0x00000000d8100000,0x00000000d8100000,0x00000000d8600000)
  to   space 5120K, 0% used [0x00000000d7c00000,0x00000000d7c00000,0x00000000d8100000)
 ParOldGen       total 87552K, used 0K [0x0000000081200000, 0x0000000086780000, 0x00000000d5b80000)
  object space 87552K, 0% used [0x0000000081200000,0x0000000081200000,0x0000000086780000)
 Metaspace       used 753K, capacity 4480K, committed 4480K, reserved 1056768K
  class space    used 76K, capacity 384K, committed 384K, reserved 1048576K

Card table byte_map: [0x0000026a1aee0000,0x0000026a1b2e0000] byte_map_base: 0x0000026a1aad7000

Marking Bits: (ParMarkBitMap*) 0x000000005e648030
 Begin Bits: [0x0000026a1b590000, 0x0000026a1d548000)
 End Bits:   [0x0000026a1d548000, 0x0000026a1f500000)

Polling page: 0x0000026a0a310000

CodeCache: size=245760Kb used=328Kb max_used=328Kb free=245431Kb
 bounds [0x0000026a0bb20000, 0x0000026a0bd90000, 0x0000026a1ab20000]
 total_blobs=57 nmethods=0 adapters=38
 compilation: enabled

Compilation events (0 events):
No events

GC Heap History (0 events):
No events

Deoptimization events (0 events):
No events

Classes redefined (0 events):
No events

Internal exceptions (0 events):
No events

Events (10 events):
Event: 0.032 loading class java/lang/Short
Event: 0.032 loading class java/lang/Short done
Event: 0.032 loading class java/lang/Integer
Event: 0.032 loading class java/lang/Integer done
Event: 0.032 loading class java/lang/Long
Event: 0.032 loading class java/lang/Long done
Event: 0.033 loading class java/lang/NullPointerException
Event: 0.033 loading class java/lang/NullPointerException done
Event: 0.033 loading class java/lang/ArithmeticException
Event: 0.033 loading class java/lang/ArithmeticException done


Dynamic libraries:
0x00007ff653eb0000 - 0x00007ff653ef7000 	C:\Program Files\Java\jre1.8.0_311\bin\javaw.exe
0x00007ff97a7f0000 - 0x00007ff97a9e5000 	C:\WINDOWS\SYSTEM32\ntdll.dll
0x00007ff9792e0000 - 0x00007ff97939e000 	C:\WINDOWS\System32\KERNEL32.DLL
0x00007ff9782c0000 - 0x00007ff978589000 	C:\WINDOWS\System32\KERNELBASE.dll
0x00007ff978850000 - 0x00007ff9788fc000 	C:\WINDOWS\System32\ADVAPI32.dll
0x00007ff979800000 - 0x00007ff97989e000 	C:\WINDOWS\System32\msvcrt.dll
0x00007ff9799c0000 - 0x00007ff979a5b000 	C:\WINDOWS\System32\sechost.dll
0x00007ff9796d0000 - 0x00007ff9797fa000 	C:\WINDOWS\System32\RPCRT4.dll
0x00007ff9793d0000 - 0x00007ff979571000 	C:\WINDOWS\System32\USER32.dll
0x00007ff978590000 - 0x00007ff9785b2000 	C:\WINDOWS\System32\win32u.dll
0x00007ff97a6d0000 - 0x00007ff97a6fb000 	C:\WINDOWS\System32\GDI32.dll
0x00007ff9780a0000 - 0x00007ff9781ab000 	C:\WINDOWS\System32\gdi32full.dll
0x00007ff978610000 - 0x00007ff9786ad000 	C:\WINDOWS\System32\msvcp_win.dll
0x00007ff9786b0000 - 0x00007ff9787b0000 	C:\WINDOWS\System32\ucrtbase.dll
0x00007ff96bdb0000 - 0x00007ff96c04a000 	C:\WINDOWS\WinSxS\amd64_microsoft.windows.common-controls_6595b64144ccf1df_6.0.19041.1110_none_60b5254171f9507e\COMCTL32.dll
0x00007ff9793a0000 - 0x00007ff9793d0000 	C:\WINDOWS\System32\IMM32.DLL
0x00007ff9627e0000 - 0x00007ff9627f5000 	C:\Program Files\Java\jre1.8.0_311\bin\vcruntime140.dll
0x00007ff93fab0000 - 0x00007ff93fb4b000 	C:\Program Files\Java\jre1.8.0_311\bin\msvcp140.dll
0x000000005de60000 - 0x000000005e6c0000 	C:\Program Files\Java\jre1.8.0_311\bin\server\jvm.dll
0x00007ff978840000 - 0x00007ff978848000 	C:\WINDOWS\System32\PSAPI.DLL
0x00007ff96e400000 - 0x00007ff96e427000 	C:\WINDOWS\SYSTEM32\WINMM.dll
0x00007ff95ea30000 - 0x00007ff95ea39000 	C:\WINDOWS\SYSTEM32\WSOCK32.dll
0x00007ff975ed0000 - 0x00007ff975eda000 	C:\WINDOWS\SYSTEM32\VERSION.dll
0x00007ff979660000 - 0x00007ff9796cb000 	C:\WINDOWS\System32\WS2_32.dll
0x00007ff976770000 - 0x00007ff976782000 	C:\WINDOWS\SYSTEM32\kernel.appcore.dll
0x00007ff975f90000 - 0x00007ff975fa0000 	C:\Program Files\Java\jre1.8.0_311\bin\verify.dll
0x00007ff95c2c0000 - 0x00007ff95c2eb000 	C:\Program Files\Java\jre1.8.0_311\bin\java.dll
0x00007ff96b430000 - 0x00007ff96b448000 	C:\Program Files\Java\jre1.8.0_311\bin\zip.dll
0x00007ff963be0000 - 0x00007ff963dc4000 	C:\WINDOWS\SYSTEM32\dbghelp.dll
0x00007ff9787b0000 - 0x00007ff978833000 	C:\WINDOWS\System32\bcryptPrimitives.dll

VM Arguments:
jvm_args: -Dfile.encoding=Cp1252 
java_command: Almanackan
java_class_path (initial): C:\Users\Fredrik Mazur\eclipse-workspace\DD1380\Almanackan\bin
Launcher Type: SUN_STANDARD

Environment Variables:
PATH=C:/Program Files/Java/jre1.8.0_311/bin/server;C:/Program Files/Java/jre1.8.0_311/bin;C:/Program Files/Java/jre1.8.0_311/lib/amd64;C:\Program Files\NVIDIA GPU Computing Toolkit\CUDA\v10.2\bin;C:\Program Files\NVIDIA GPU Computing Toolkit\CUDA\v10.2\libnvvp;;;C:\Program Files (x86)\Common Files\Oracle\Java\javapath;C:\Windows\system32;C:\Windows;C:\Windows\System32\Wbem;C:\Windows\System32\WindowsPowerShell\v1.0\;C:\Windows\System32\OpenSSH\;C:\Program Files (x86)\NVIDIA Corporation\PhysX\Common;C:\Program Files\Git\cmd;C:\Program Files\NVIDIA Corporation\NVIDIA NvDLISR;C:\Program Files (x86)\Common Files\Seagate\VirtualFile\;C:\Program Files (x86)\Common Files\Seagate\VirtualFile64\;C:\Program Files (x86)\Common Files\Seagate\SnapAPI\;C:\Program Files\MATLAB\R2020b\runtime\win64;C:\Program Files\MATLAB\R2020b\bin;C:\WINDOWS\system32;C:\WINDOWS;C:\WINDOWS\System32\Wbem;C:\WINDOWS\System32\WindowsPowerShell\v1.0\;C:\WINDOWS\System32\OpenSSH\;C:\Program Files\NVIDIA Corporation\Nsight Compute 2019.5.0\;C:\Program Files\CMake\bin;C:\Users\Fredrik Mazur\AppData\Local\Programs\Python\Python37\Scripts\;C:\Users\Fredrik Mazur\AppData\Local\Programs\Python\Python37\;C:\Users\Fredrik Mazur\AppData\Local\Microsoft\WindowsApps;C:\Users\Fredrik Mazur\AppData\Local\Programs\Python\Python37;C:\Users\Fredrik Mazur\AppData\Local\Programs\Microsoft VS Code\bin;C:\Users\Fredrik Mazur\AppData\Local\atom\bin;C:\Users\Fredrik Mazur\AppData\Local\Microsoft\WindowsApps;C:\Users\Fredrik Mazur\AppData\Local\GitHubDesktop\bin;C:\WINDOWS\System32;
USERNAME=Fredrik Mazur
OS=Windows_NT
PROCESSOR_IDENTIFIER=AMD64 Family 23 Model 8 Stepping 2, AuthenticAMD



---------------  S Y S T E M  ---------------

OS: Windows 10.0 , 64 bit Build 19041 (10.0.19041.1202)

CPU:total 12 (initial active 12) (12 cores per cpu, 1 threads per core) family 23 model 8 stepping 2, cmov, cx8, fxsr, mmx, sse, sse2, sse3, ssse3, sse4.1, sse4.2, popcnt, avx, avx2, aes, clmul, mmxext, 3dnowpref, lzcnt, sse4a, tsc, tscinvbit, tscinv, bmi1

Memory: 4k page, physical 8312284k(296108k free), swap 25908524k(4744k free)

vm_info: Java HotSpot(TM) 64-Bit Server VM (25.311-b11) for windows-amd64 JRE (1.8.0_311-b11), built on Sep 27 2021 05:15:14 by "java_re" with MS VC++ 15.9 (VS2017)

time: Wed Oct 27 19:11:26 2021
timezone: Västeuropa, sommartid
elapsed time: 0.061914 seconds (0d 0h 0m 0s)

